<?xml version="1.0" encoding="UTF-8"?>
<!-- Generated by org.testng.reporters.JUnitXMLReporter -->
<testsuite hostname="LAPTOP-0KRJ83MC" ignored="0" name="Default test" tests="3" failures="0" timestamp="08 Jun 2020 05:48:05 GMT" time="90.986" errors="0">
  <testcase name="verifyCreateNewDeal" time="4.411" classname="org.makeMyTrip.qa.testcases.DealsPageTest"/>
  <testcase name="verifyCreateNewDeal" time="4.74" classname="org.makeMyTrip.qa.testcases.DealsPageTest"/>
  <testcase name="verifyCreateNewDeal" time="15.381" classname="org.makeMyTrip.qa.testcases.DealsPageTest"/>
</testsuite> <!-- Default test -->
