<?xml version="1.0" encoding="UTF-8"?>
<!-- Generated by org.testng.reporters.JUnitXMLReporter -->
<testsuite hostname="LAPTOP-0KRJ83MC" ignored="0" name="Test Basics 1" tests="8" failures="0" timestamp="08 Jun 2020 06:08:29 GMT" time="144.686" errors="0">
  <testcase name="loginPageTitleTest" time="0.058" classname="org.makeMyTrip.qa.testcases.LoginPageTest"/>
  <testcase name="loginTest" time="0.92" classname="org.makeMyTrip.qa.testcases.LoginPageTest"/>
  <testcase name="verifyContactsLinkTest" time="7.65" classname="org.makeMyTrip.qa.testcases.HomePageTest"/>
  <testcase name="verifyDealsLinkTest" time="3.597" classname="org.makeMyTrip.qa.testcases.HomePageTest"/>
  <testcase name="verifyHomePageTitleTest" time="0.026" classname="org.makeMyTrip.qa.testcases.HomePageTest"/>
  <testcase name="verifyUserLabelTest" time="1.541" classname="org.makeMyTrip.qa.testcases.HomePageTest"/>
  <testcase name="selectContactTest" time="1.379" classname="org.makeMyTrip.qa.testcases.ContactsPageTest"/>
  <testcase name="verifyContactsPageLabel" time="0.191" classname="org.makeMyTrip.qa.testcases.ContactsPageTest"/>
</testsuite> <!-- Test Basics 1 -->
